2024-12-26 05:28:09 - Starting Linux build...
2024-12-26 05:30:03 - Starting Linux build...
2024-12-26 05:34:05 - Starting Linux build...
2024-12-26 05:34:49 - Starting Linux build...
2024-12-26 05:36:17 - Removed existing bin directory.
2024-12-26 05:36:17 - Created build directories.
2024-12-26 05:36:17 - Starting Linux build...
2024-12-26 05:38:51 - Starting Linux build...
2024-12-26 05:38:51 - Linux binaries zipped into linux.zip.
2024-12-26 05:38:51 - Linux build completed.
2024-12-26 05:38:51 - No Linux game executable found to link.
2024-12-26 05:38:51 - Build process completed successfully.
2024-12-26 05:42:38 - Starting Linux build...
2024-12-26 05:42:39 - Linux binaries zipped into linux.zip.
2024-12-26 05:54:55 - Starting Linux build...
2024-12-26 05:54:56 - Linux build completed.
2024-12-26 05:54:57 - Linux binaries zipped into linux.zip.
2024-12-26 05:54:57 - No Linux game executable found to link.
2024-12-26 05:54:57 - Build process completed successfully.
2024-12-26 06:02:34 - Starting Linux build...
2024-12-26 06:02:35 - Linux build completed.
2024-12-26 06:02:35 - Linux binaries zipped into linux.zip.
2024-12-26 06:02:35 - No Linux game executable found to link.
2024-12-26 06:02:35 - Build process completed successfully.
2024-12-26 06:09:39 - Starting Linux build...
2024-12-26 06:09:40 - Linux build completed.
2024-12-26 06:09:40 - Linux binaries zipped into linux.zip.
2024-12-26 06:09:40 - Created symbolic link for the Linux game executable.
2024-12-26 06:09:40 - Build process completed successfully.
2024-12-26 06:11:06 - Building for both Linux and Windows (32-bit and 64-bit)...
2024-12-26 06:11:06 - Starting Linux build...
2024-12-26 06:11:07 - Linux build completed.
2024-12-26 06:11:08 - Linux binaries zipped into linux.zip.
2024-12-26 06:11:08 - Created symbolic link for the Linux game executable.
2024-12-26 06:11:08 - Build process completed successfully.
2024-12-26 06:13:16 - Starting Windows 64-bit build...
2024-12-26 06:15:10 - Starting Windows 64-bit build...
2024-12-26 06:23:05 - Starting Linux build...
2024-12-26 06:23:05 - Linux build completed.
2024-12-26 06:23:05 - No Linux binaries found to zip.
2024-12-26 06:23:05 - No Linux game executable found to link.
2024-12-26 06:24:25 - Starting Windows 32-bit build...
2024-12-26 06:30:29 - Starting Windows 32-bit build...
2024-12-26 06:33:52 - Building for both Linux and Windows (32-bit and 64-bit)...
2024-12-26 06:33:52 - Starting Linux build...
2024-12-26 06:33:53 - Linux build completed.
2024-12-26 06:33:53 - No Linux binaries found to zip.
2024-12-26 06:33:53 - No Linux game executable found to link.
2024-12-26 06:35:25 - Building for both Linux and Windows (32-bit and 64-bit)...
2024-12-26 06:35:25 - Starting Linux build...
2024-12-26 06:35:25 - Linux build completed.
2024-12-26 06:35:25 - No Linux binaries found to zip.
2024-12-26 06:35:25 - No Linux game executable found to link.
2024-12-26 06:42:18 - Building for both Linux and Windows (32-bit and 64-bit)...
2024-12-26 06:42:18 - Starting Linux build...
2024-12-26 06:51:45 - Starting Linux build...
2024-12-26 06:51:49 - Starting Linux build...
2024-12-26 06:53:20 - Starting Linux build...
2024-12-26 06:53:36 - Starting Linux build...
2024-12-26 06:57:24 - Starting Linux build...
2024-12-26 07:12:17 - Building for both Linux and Windows (32-bit and 64-bit)...
2024-12-26 07:12:17 - Starting Linux build...
2024-12-26 07:14:31 - Building for both Linux and Windows (32-bit and 64-bit)...
2024-12-26 07:14:31 - Starting Linux build...
2024-12-26 07:15:04 - Building for both Linux and Windows (32-bit and 64-bit)...
2024-12-26 07:15:04 - Starting Linux build...
2024-12-26 07:16:00 - Building for both Linux and Windows (32-bit and 64-bit)...
2024-12-26 07:16:00 - Starting Linux build...
2024-12-26 07:16:01 - Linux build completed.
2024-12-26 07:16:01 - Linux binaries zipped into linux.zip.
2024-12-26 07:16:01 - No Linux game executable found to link.
2024-12-26 07:17:29 - Building for both Linux and Windows (32-bit and 64-bit)...
2024-12-26 07:17:29 - Starting Linux build...
2024-12-26 07:17:29 - Linux build completed.
2024-12-26 07:17:29 - Linux binaries zipped into linux.zip.
2024-12-26 07:17:29 - No Linux game executable found to link.
2024-12-26 07:17:29 - Build process completed successfully.
2024-12-26 07:17:53 - Building for both Linux and Windows (32-bit and 64-bit)...
2024-12-26 07:17:53 - Starting Linux build...
2024-12-26 07:17:54 - Linux build completed.
2024-12-26 07:17:54 - Linux binaries zipped into linux.zip.
2024-12-26 07:17:54 - No Linux game executable found to link.
2024-12-26 07:18:15 - Building for both Linux and Windows (32-bit and 64-bit)...
2024-12-26 07:18:15 - Starting Linux build...
2024-12-26 07:18:15 - Linux build completed.
2024-12-26 07:18:15 - Linux binaries zipped into linux.zip.
2024-12-26 07:18:15 - No Linux game executable found to link.
2024-12-26 07:18:34 - Building for both Linux and Windows (32-bit and 64-bit)...
2024-12-26 07:18:34 - Starting Linux build...
2024-12-26 07:18:35 - Linux build completed.
2024-12-26 07:18:35 - Linux binaries zipped into linux.zip.
2024-12-26 07:18:35 - No Linux game executable found to link.
2024-12-26 07:18:35 - Build process completed successfully.
2024-12-26 07:18:35 - Starting Windows 64-bit build...
2024-12-26 07:28:17 - Building for both Linux and Windows (32-bit and 64-bit)...
2024-12-26 07:28:17 - Starting Linux build...
2024-12-26 07:28:17 - Linux build completed.
2024-12-26 07:28:17 - Linux binaries zipped into linux.zip.
2024-12-26 07:28:17 - No Linux game executable found to link.
2024-12-26 07:28:17 - Build process completed successfully.
2024-12-26 07:28:17 - Starting Windows 64-bit build...
2024-12-26 07:28:18 - Windows 64-bit build completed.
2024-12-26 07:28:18 - No Windows 64-bit binaries found to zip.
2024-12-26 07:28:18 - No Linux game executable found to link.
2024-12-26 07:28:18 - Build process completed successfully.
2024-12-26 07:28:18 - No Linux game executable found to link.
2024-12-26 07:28:18 - Build process completed successfully.
2024-12-28 09:00:00 - Starting Linux build...
2024-12-28 09:00:19 - Starting Linux build...
2024-12-28 09:01:00 - Linux build completed.
2024-12-28 09:01:04 - Linux binaries zipped into linux.zip.
2024-12-28 09:01:04 - No Linux game executable found to link.
2024-12-28 09:01:06 - Build process completed successfully.
