2024-10-27 06:16:57 [INFO] Loaded texture: 
2024-10-27 06:16:57 [INFO] 4l
2024-10-27 06:16:57 [INFO]  from path: 
2024-10-27 06:16:57 [INFO] D:/Code/c/game-gl/textures\4l.png
2024-10-27 06:16:57 [INFO] Loaded texture: 
2024-10-27 06:16:57 [INFO] awesomeface
2024-10-27 06:16:57 [INFO]  from path: 
2024-10-27 06:16:57 [INFO] D:/Code/c/game-gl/textures\awesomeface.png
2024-10-27 06:16:57 [INFO] Loaded texture: 
2024-10-27 06:16:57 [INFO] bookshelf
2024-10-27 06:16:57 [INFO]  from path: 
2024-10-27 06:16:57 [INFO] D:/Code/c/game-gl/textures\bookshelf.jpg
2024-10-27 06:16:57 [INFO] Loaded texture: 
2024-10-27 06:16:57 [INFO] chrome_KcP6wAM8Nt
2024-10-27 06:16:57 [INFO]  from path: 
2024-10-27 06:16:57 [INFO] D:/Code/c/game-gl/textures\chrome_KcP6wAM8Nt.png
2024-10-27 06:16:57 [INFO] Loaded texture: 
2024-10-27 06:16:57 [INFO] chrome_kJmp57oXiN
2024-10-27 06:16:57 [INFO]  from path: 
2024-10-27 06:16:57 [INFO] D:/Code/c/game-gl/textures\chrome_kJmp57oXiN.jpg
2024-10-27 06:16:57 [INFO] Loaded texture: 
2024-10-27 06:16:57 [INFO] chrome_MAR6df93HN
2024-10-27 06:16:57 [INFO]  from path: 
2024-10-27 06:16:57 [INFO] D:/Code/c/game-gl/textures\chrome_MAR6df93HN.png
2024-10-27 06:16:58 [INFO] Loaded texture: 
2024-10-27 06:16:58 [INFO] chrome_tATJPMKb4p
2024-10-27 06:16:58 [INFO]  from path: 
2024-10-27 06:16:58 [INFO] D:/Code/c/game-gl/textures\chrome_tATJPMKb4p.png
2024-10-27 06:16:58 [INFO] Loaded texture: 
2024-10-27 06:16:58 [INFO] container
2024-10-27 06:16:58 [INFO]  from path: 
2024-10-27 06:16:58 [INFO] D:/Code/c/game-gl/textures\container.jpg
2024-10-27 06:16:58 [INFO] Loaded texture: 
2024-10-27 06:16:58 [INFO] copper
2024-10-27 06:16:58 [INFO]  from path: 
2024-10-27 06:16:58 [INFO] D:/Code/c/game-gl/textures\copper.png
2024-10-27 06:16:58 [INFO] Loaded texture: 
2024-10-27 06:16:58 [INFO] dbrick
2024-10-27 06:16:58 [INFO]  from path: 
2024-10-27 06:16:58 [INFO] D:/Code/c/game-gl/textures\dbrick.png
2024-10-27 06:16:58 [INFO] Loaded texture: 
2024-10-27 06:16:58 [INFO] dbricks
2024-10-27 06:16:58 [INFO]  from path: 
2024-10-27 06:16:58 [INFO] D:/Code/c/game-gl/textures\dbricks.png
2024-10-27 06:16:58 [INFO] Loaded texture: 
2024-10-27 06:16:58 [INFO] diffuse
2024-10-27 06:16:58 [INFO]  from path: 
2024-10-27 06:16:58 [INFO] D:/Code/c/game-gl/textures\diffuse.png
2024-10-27 06:16:58 [INFO] Loaded texture: 
2024-10-27 06:16:58 [INFO] HvLnPxI2Ln
2024-10-27 06:16:58 [INFO]  from path: 
2024-10-27 06:16:58 [INFO] D:/Code/c/game-gl/textures\HvLnPxI2Ln.png
2024-10-27 06:16:58 [INFO] Loaded texture: 
2024-10-27 06:16:58 [INFO] light
2024-10-27 06:16:58 [INFO]  from path: 
2024-10-27 06:16:58 [INFO] D:/Code/c/game-gl/textures\light.jpg
2024-10-27 06:16:58 [INFO] Loaded texture: 
2024-10-27 06:16:58 [INFO] mpv_6PmepFFoii
2024-10-27 06:16:58 [INFO]  from path: 
2024-10-27 06:16:58 [INFO] D:/Code/c/game-gl/textures\mpv_6PmepFFoii.jpg
2024-10-27 06:16:58 [INFO] Loaded texture: 
2024-10-27 06:16:58 [INFO] mpv_Gfm7xWuCwg
2024-10-27 06:16:58 [INFO]  from path: 
2024-10-27 06:16:58 [INFO] D:/Code/c/game-gl/textures\mpv_Gfm7xWuCwg.png
2024-10-27 06:16:58 [INFO] Loaded texture: 
2024-10-27 06:16:58 [INFO] mpv_hVlIAHQAuT
2024-10-27 06:16:58 [INFO]  from path: 
2024-10-27 06:16:58 [INFO] D:/Code/c/game-gl/textures\mpv_hVlIAHQAuT.png
2024-10-27 06:16:58 [INFO] Loaded texture: 
2024-10-27 06:16:58 [INFO] mpv_Ji9NBJKzXa
2024-10-27 06:16:58 [INFO]  from path: 
2024-10-27 06:16:58 [INFO] D:/Code/c/game-gl/textures\mpv_Ji9NBJKzXa.png
2024-10-27 06:16:58 [INFO] Loaded texture: 
2024-10-27 06:16:58 [INFO] mpv_qgT5KFaZSB
2024-10-27 06:16:58 [INFO]  from path: 
2024-10-27 06:16:58 [INFO] D:/Code/c/game-gl/textures\mpv_qgT5KFaZSB.png
2024-10-27 06:16:58 [INFO] Loaded texture: 
2024-10-27 06:16:58 [INFO] mpv_wYl4dlKci4
2024-10-27 06:16:58 [INFO]  from path: 
2024-10-27 06:16:58 [INFO] D:/Code/c/game-gl/textures\mpv_wYl4dlKci4.png
2024-10-27 06:16:58 [INFO] Loaded texture: 
2024-10-27 06:16:58 [INFO] normal
2024-10-27 06:16:58 [INFO]  from path: 
2024-10-27 06:16:58 [INFO] D:/Code/c/game-gl/textures\normal.jpg
2024-10-27 06:16:58 [INFO] Loaded texture: 
2024-10-27 06:16:58 [INFO] pumpkin
2024-10-27 06:16:58 [INFO]  from path: 
2024-10-27 06:16:58 [INFO] D:/Code/c/game-gl/textures\pumpkin.png
2024-10-27 06:16:58 [INFO] Loaded texture: 
2024-10-27 06:16:58 [INFO] rect
2024-10-27 06:16:58 [INFO]  from path: 
2024-10-27 06:16:58 [INFO] D:/Code/c/game-gl/textures\rect.jpg
2024-10-27 06:16:58 [INFO] Loaded texture: 
2024-10-27 06:16:58 [INFO] Ryujinx_5K6ldJxOeE
2024-10-27 06:16:58 [INFO]  from path: 
2024-10-27 06:16:58 [INFO] D:/Code/c/game-gl/textures\Ryujinx_5K6ldJxOeE.png
2024-10-27 06:16:58 [INFO] Loaded texture: 
2024-10-27 06:16:58 [INFO] sky
2024-10-27 06:16:58 [INFO]  from path: 
2024-10-27 06:16:58 [INFO] D:/Code/c/game-gl/textures\sky.png
2024-10-27 06:16:59 [INFO] Loaded texture: 
2024-10-27 06:16:59 [INFO] specular
2024-10-27 06:16:59 [INFO]  from path: 
2024-10-27 06:16:59 [INFO] D:/Code/c/game-gl/textures\specular.png
2024-10-27 06:16:59 [INFO] Loaded texture: 
2024-10-27 06:16:59 [INFO] Tile
2024-10-27 06:16:59 [INFO]  from path: 
2024-10-27 06:16:59 [INFO] D:/Code/c/game-gl/textures\Tile.png
2024-10-27 06:16:59 [INFO] Loaded texture: 
2024-10-27 06:16:59 [INFO] troll
2024-10-27 06:16:59 [INFO]  from path: 
2024-10-27 06:16:59 [INFO] D:/Code/c/game-gl/textures\troll.png
2024-10-27 06:16:59 [INFO] Loaded texture: 
2024-10-27 06:16:59 [INFO] white
2024-10-27 06:16:59 [INFO]  from path: 
2024-10-27 06:16:59 [INFO] D:/Code/c/game-gl/textures\white.png
2024-10-27 06:16:59 [INFO] Loaded texture: 
2024-10-27 06:16:59 [INFO] yellowstone
2024-10-27 06:16:59 [INFO]  from path: 
2024-10-27 06:16:59 [INFO] D:/Code/c/game-gl/textures\yellowstone.jpg
2024-10-27 06:16:59 [LIGHT-MODEL] mat4(
[[0.2, 0, 0, 0], 
[0, 0.2, 0, 0], 
[0, 0, 0.2, 0], 
[0.7, 0.2, 2, 1]]
)
2024-10-27 06:16:59 [LIGHT-MODEL] mat4(
[[0.2, 0, 0, 0], 
[0, 0.2, 0, 0], 
[0, 0, 0.2, 0], 
[2.3, -3.3, -4, 1]]
)
2024-10-27 06:16:59 [LIGHT-MODEL] mat4(
[[0.2, 0, 0, 0], 
[0, 0.2, 0, 0], 
[0, 0, 0.2, 0], 
[-4, 2, -12, 1]]
)
2024-10-27 06:16:59 [LIGHT-MODEL] mat4(
[[0.2, 0, 0, 0], 
[0, 0.2, 0, 0], 
[0, 0, 0.2, 0], 
[0, 0, -3, 1]]
)
2024-10-27 06:16:59 [LIGHT-MODEL] mat4(
[[0.2, 0, 0, 0], 
[0, 0.2, 0, 0], 
[0, 0, 0.2, 0], 
[0.7, 0.2, 2, 1]]
)
2024-10-27 06:16:59 [LIGHT-MODEL] mat4(
[[0.2, 0, 0, 0], 
[0, 0.2, 0, 0], 
[0, 0, 0.2, 0], 
[2.3, -3.3, -4, 1]]
)
2024-10-27 06:16:59 [LIGHT-MODEL] mat4(
[[0.2, 0, 0, 0], 
[0, 0.2, 0, 0], 
[0, 0, 0.2, 0], 
[-4, 2, -12, 1]]
)
2024-10-27 06:16:59 [LIGHT-MODEL] mat4(
[[0.2, 0, 0, 0], 
[0, 0.2, 0, 0], 
[0, 0, 0.2, 0], 
[0, 0, -3, 1]]
)
2024-10-27 06:16:59 [LIGHT-MODEL] mat4(
[[0.2, 0, 0, 0], 
[0, 0.2, 0, 0], 
[0, 0, 0.2, 0], 
[0.7, 0.2, 2, 1]]
)
2024-10-27 06:16:59 [LIGHT-MODEL] mat4(
[[0.2, 0, 0, 0], 
[0, 0.2, 0, 0], 
[0, 0, 0.2, 0], 
[2.3, -3.3, -4, 1]]
)
2024-10-27 06:16:59 [LIGHT-MODEL] mat4(
[[0.2, 0, 0, 0], 
[0, 0.2, 0, 0], 
[0, 0, 0.2, 0], 
[-4, 2, -12, 1]]
)
2024-10-27 06:16:59 [LIGHT-MODEL] mat4(
[[0.2, 0, 0, 0], 
[0, 0.2, 0, 0], 
[0, 0, 0.2, 0], 
[0, 0, -3, 1]]
)
2024-10-27 06:16:59 [LIGHT-MODEL] mat4(
[[0.2, 0, 0, 0], 
[0, 0.2, 0, 0], 
[0, 0, 0.2, 0], 
[0.7, 0.2, 2, 1]]
)
2024-10-27 06:16:59 [LIGHT-MODEL] mat4(
[[0.2, 0, 0, 0], 
[0, 0.2, 0, 0], 
[0, 0, 0.2, 0], 
[2.3, -3.3, -4, 1]]
)
2024-10-27 06:16:59 [LIGHT-MODEL] mat4(
[[0.2, 0, 0, 0], 
[0, 0.2, 0, 0], 
[0, 0, 0.2, 0], 
[-4, 2, -12, 1]]
)
2024-10-27 06:16:59 [LIGHT-MODEL] mat4(
[[0.2, 0, 0, 0], 
[0, 0.2, 0, 0], 
[0, 0, 0.2, 0], 
[0, 0, -3, 1]]
)
2024-10-27 06:16:59 [LIGHT-MODEL] mat4(
[[0.2, 0, 0, 0], 
[0, 0.2, 0, 0], 
[0, 0, 0.2, 0], 
[0.7, 0.2, 2, 1]]
)
2024-10-27 06:16:59 [LIGHT-MODEL] mat4(
[[0.2, 0, 0, 0], 
[0, 0.2, 0, 0], 
[0, 0, 0.2, 0], 
[2.3, -3.3, -4, 1]]
)
2024-10-27 06:16:59 [LIGHT-MODEL] mat4(
[[0.2, 0, 0, 0], 
[0, 0.2, 0, 0], 
[0, 0, 0.2, 0], 
[-4, 2, -12, 1]]
)
2024-10-27 06:16:59 [LIGHT-MODEL] mat4(
[[0.2, 0, 0, 0], 
[0, 0.2, 0, 0], 
[0, 0, 0.2, 0], 
[0, 0, -3, 1]]
)
2024-10-27 06:16:59 [LIGHT-MODEL] mat4(
[[0.2, 0, 0, 0], 
[0, 0.2, 0, 0], 
[0, 0, 0.2, 0], 
[0.7, 0.2, 2, 1]]
)
2024-10-27 06:16:59 [LIGHT-MODEL] mat4(
[[0.2, 0, 0, 0], 
[0, 0.2, 0, 0], 
[0, 0, 0.2, 0], 
[2.3, -3.3, -4, 1]]
)
2024-10-27 06:16:59 [LIGHT-MODEL] mat4(
[[0.2, 0, 0, 0], 
[0, 0.2, 0, 0], 
[0, 0, 0.2, 0], 
[-4, 2, -12, 1]]
)
2024-10-27 06:16:59 [LIGHT-MODEL] mat4(
[[0.2, 0, 0, 0], 
[0, 0.2, 0, 0], 
[0, 0, 0.2, 0], 
[0, 0, -3, 1]]
)
2024-10-27 06:16:59 [LIGHT-MODEL] mat4(
[[0.2, 0, 0, 0], 
[0, 0.2, 0, 0], 
[0, 0, 0.2, 0], 
[0.7, 0.2, 2, 1]]
)
2024-10-27 06:16:59 [LIGHT-MODEL] mat4(
[[0.2, 0, 0, 0], 
[0, 0.2, 0, 0], 
[0, 0, 0.2, 0], 
[2.3, -3.3, -4, 1]]
)
2024-10-27 06:16:59 [LIGHT-MODEL] mat4(
[[0.2, 0, 0, 0], 
[0, 0.2, 0, 0], 
[0, 0, 0.2, 0], 
[-4, 2, -12, 1]]
)
2024-10-27 06:16:59 [LIGHT-MODEL] mat4(
[[0.2, 0, 0, 0], 
[0, 0.2, 0, 0], 
[0, 0, 0.2, 0], 
[0, 0, -3, 1]]
)
2024-10-27 06:16:59 [LIGHT-MODEL] mat4(
[[0.2, 0, 0, 0], 
[0, 0.2, 0, 0], 
[0, 0, 0.2, 0], 
[0.7, 0.2, 2, 1]]
)
2024-10-27 06:16:59 [LIGHT-MODEL] mat4(
[[0.2, 0, 0, 0], 
[0, 0.2, 0, 0], 
[0, 0, 0.2, 0], 
[2.3, -3.3, -4, 1]]
)
2024-10-27 06:16:59 [LIGHT-MODEL] mat4(
[[0.2, 0, 0, 0], 
[0, 0.2, 0, 0], 
[0, 0, 0.2, 0], 
[-4, 2, -12, 1]]
)
2024-10-27 06:16:59 [LIGHT-MODEL] mat4(
[[0.2, 0, 0, 0], 
[0, 0.2, 0, 0], 
[0, 0, 0.2, 0], 
[0, 0, -3, 1]]
)
2024-10-27 06:16:59 [LIGHT-MODEL] mat4(
[[0.2, 0, 0, 0], 
[0, 0.2, 0, 0], 
[0, 0, 0.2, 0], 
[0.7, 0.2, 2, 1]]
)
2024-10-27 06:16:59 [LIGHT-MODEL] mat4(
[[0.2, 0, 0, 0], 
[0, 0.2, 0, 0], 
[0, 0, 0.2, 0], 
[2.3, -3.3, -4, 1]]
)
2024-10-27 06:16:59 [LIGHT-MODEL] mat4(
[[0.2, 0, 0, 0], 
[0, 0.2, 0, 0], 
[0, 0, 0.2, 0], 
[-4, 2, -12, 1]]
)
2024-10-27 06:16:59 [LIGHT-MODEL] mat4(
[[0.2, 0, 0, 0], 
[0, 0.2, 0, 0], 
[0, 0, 0.2, 0], 
[0, 0, -3, 1]]
)
2024-10-27 06:17:00 [LIGHT-MODEL] mat4(
[[0.2, 0, 0, 0], 
[0, 0.2, 0, 0], 
[0, 0, 0.2, 0], 
[0.7, 0.2, 2, 1]]
)
2024-10-27 06:17:00 [LIGHT-MODEL] mat4(
[[0.2, 0, 0, 0], 
[0, 0.2, 0, 0], 
[0, 0, 0.2, 0], 
[2.3, -3.3, -4, 1]]
)
2024-10-27 06:17:00 [LIGHT-MODEL] mat4(
[[0.2, 0, 0, 0], 
[0, 0.2, 0, 0], 
[0, 0, 0.2, 0], 
[-4, 2, -12, 1]]
)
2024-10-27 06:17:00 [LIGHT-MODEL] mat4(
[[0.2, 0, 0, 0], 
[0, 0.2, 0, 0], 
[0, 0, 0.2, 0], 
[0, 0, -3, 1]]
)
2024-10-27 06:17:00 [LIGHT-MODEL] mat4(
[[0.2, 0, 0, 0], 
[0, 0.2, 0, 0], 
[0, 0, 0.2, 0], 
[0.7, 0.2, 2, 1]]
)
2024-10-27 06:17:00 [LIGHT-MODEL] mat4(
[[0.2, 0, 0, 0], 
[0, 0.2, 0, 0], 
[0, 0, 0.2, 0], 
[2.3, -3.3, -4, 1]]
)
2024-10-27 06:17:00 [LIGHT-MODEL] mat4(
[[0.2, 0, 0, 0], 
[0, 0.2, 0, 0], 
[0, 0, 0.2, 0], 
[-4, 2, -12, 1]]
)
2024-10-27 06:17:00 [LIGHT-MODEL] mat4(
[[0.2, 0, 0, 0], 
[0, 0.2, 0, 0], 
[0, 0, 0.2, 0], 
[0, 0, -3, 1]]
)
2024-10-27 06:17:00 [LIGHT-MODEL] mat4(
[[0.2, 0, 0, 0], 
[0, 0.2, 0, 0], 
[0, 0, 0.2, 0], 
[0.7, 0.2, 2, 1]]
)
2024-10-27 06:17:00 [LIGHT-MODEL] mat4(
[[0.2, 0, 0, 0], 
[0, 0.2, 0, 0], 
[0, 0, 0.2, 0], 
[2.3, -3.3, -4, 1]]
)
2024-10-27 06:17:00 [LIGHT-MODEL] mat4(
[[0.2, 0, 0, 0], 
[0, 0.2, 0, 0], 
[0, 0, 0.2, 0], 
[-4, 2, -12, 1]]
)
2024-10-27 06:17:00 [LIGHT-MODEL] mat4(
[[0.2, 0, 0, 0], 
[0, 0.2, 0, 0], 
[0, 0, 0.2, 0], 
[0, 0, -3, 1]]
)
2024-10-27 06:17:00 [LIGHT-MODEL] mat4(
[[0.2, 0, 0, 0], 
[0, 0.2, 0, 0], 
[0, 0, 0.2, 0], 
[0.7, 0.2, 2, 1]]
)
2024-10-27 06:17:00 [LIGHT-MODEL] mat4(
[[0.2, 0, 0, 0], 
[0, 0.2, 0, 0], 
[0, 0, 0.2, 0], 
[2.3, -3.3, -4, 1]]
)
2024-10-27 06:17:00 [LIGHT-MODEL] mat4(
[[0.2, 0, 0, 0], 
[0, 0.2, 0, 0], 
[0, 0, 0.2, 0], 
[-4, 2, -12, 1]]
)
2024-10-27 06:17:00 [LIGHT-MODEL] mat4(
[[0.2, 0, 0, 0], 
[0, 0.2, 0, 0], 
[0, 0, 0.2, 0], 
[0, 0, -3, 1]]
)
2024-10-27 06:17:00 [LIGHT-MODEL] mat4(
[[0.2, 0, 0, 0], 
[0, 0.2, 0, 0], 
[0, 0, 0.2, 0], 
[0.7, 0.2, 2, 1]]
)
2024-10-27 06:17:00 [LIGHT-MODEL] mat4(
[[0.2, 0, 0, 0], 
[0, 0.2, 0, 0], 
[0, 0, 0.2, 0], 
[2.3, -3.3, -4, 1]]
)
2024-10-27 06:17:00 [LIGHT-MODEL] mat4(
[[0.2, 0, 0, 0], 
[0, 0.2, 0, 0], 
[0, 0, 0.2, 0], 
[-4, 2, -12, 1]]
)
2024-10-27 06:17:00 [LIGHT-MODEL] mat4(
[[0.2, 0, 0, 0], 
[0, 0.2, 0, 0], 
[0, 0, 0.2, 0], 
[0, 0, -3, 1]]
)
2024-10-27 06:17:00 [LIGHT-MODEL] mat4(
[[0.2, 0, 0, 0], 
[0, 0.2, 0, 0], 
[0, 0, 0.2, 0], 
[0.7, 0.2, 2, 1]]
)
2024-10-27 06:17:00 [LIGHT-MODEL] mat4(
[[0.2, 0, 0, 0], 
[0, 0.2, 0, 0], 
[0, 0, 0.2, 0], 
[2.3, -3.3, -4, 1]]
)
2024-10-27 06:17:00 [LIGHT-MODEL] mat4(
[[0.2, 0, 0, 0], 
[0, 0.2, 0, 0], 
[0, 0, 0.2, 0], 
[-4, 2, -12, 1]]
)
2024-10-27 06:17:00 [LIGHT-MODEL] mat4(
[[0.2, 0, 0, 0], 
[0, 0.2, 0, 0], 
[0, 0, 0.2, 0], 
[0, 0, -3, 1]]
)
2024-10-27 06:17:00 [LIGHT-MODEL] mat4(
[[0.2, 0, 0, 0], 
[0, 0.2, 0, 0], 
[0, 0, 0.2, 0], 
[0.7, 0.2, 2, 1]]
)
2024-10-27 06:17:00 [LIGHT-MODEL] mat4(
[[0.2, 0, 0, 0], 
[0, 0.2, 0, 0], 
[0, 0, 0.2, 0], 
[2.3, -3.3, -4, 1]]
)
2024-10-27 06:17:00 [LIGHT-MODEL] mat4(
[[0.2, 0, 0, 0], 
[0, 0.2, 0, 0], 
[0, 0, 0.2, 0], 
[-4, 2, -12, 1]]
)
2024-10-27 06:17:00 [LIGHT-MODEL] mat4(
[[0.2, 0, 0, 0], 
[0, 0.2, 0, 0], 
[0, 0, 0.2, 0], 
[0, 0, -3, 1]]
)
2024-10-27 06:17:00 [LIGHT-MODEL] mat4(
[[0.2, 0, 0, 0], 
[0, 0.2, 0, 0], 
[0, 0, 0.2, 0], 
[0.7, 0.2, 2, 1]]
)
2024-10-27 06:17:00 [LIGHT-MODEL] mat4(
[[0.2, 0, 0, 0], 
[0, 0.2, 0, 0], 
[0, 0, 0.2, 0], 
[2.3, -3.3, -4, 1]]
)
2024-10-27 06:17:00 [LIGHT-MODEL] mat4(
[[0.2, 0, 0, 0], 
[0, 0.2, 0, 0], 
[0, 0, 0.2, 0], 
[-4, 2, -12, 1]]
)
2024-10-27 06:17:00 [LIGHT-MODEL] mat4(
[[0.2, 0, 0, 0], 
[0, 0.2, 0, 0], 
[0, 0, 0.2, 0], 
[0, 0, -3, 1]]
)
2024-10-27 06:17:00 [LIGHT-MODEL] mat4(
[[0.2, 0, 0, 0], 
[0, 0.2, 0, 0], 
[0, 0, 0.2, 0], 
[0.7, 0.2, 2, 1]]
)
2024-10-27 06:17:00 [LIGHT-MODEL] mat4(
[[0.2, 0, 0, 0], 
[0, 0.2, 0, 0], 
[0, 0, 0.2, 0], 
[2.3, -3.3, -4, 1]]
)
2024-10-27 06:17:00 [LIGHT-MODEL] mat4(
[[0.2, 0, 0, 0], 
[0, 0.2, 0, 0], 
[0, 0, 0.2, 0], 
[-4, 2, -12, 1]]
)
2024-10-27 06:17:00 [LIGHT-MODEL] mat4(
[[0.2, 0, 0, 0], 
[0, 0.2, 0, 0], 
[0, 0, 0.2, 0], 
[0, 0, -3, 1]]
)
2024-10-27 06:17:00 [LIGHT-MODEL] mat4(
[[0.2, 0, 0, 0], 
[0, 0.2, 0, 0], 
[0, 0, 0.2, 0], 
[0.7, 0.2, 2, 1]]
)
2024-10-27 06:17:00 [LIGHT-MODEL] mat4(
[[0.2, 0, 0, 0], 
[0, 0.2, 0, 0], 
[0, 0, 0.2, 0], 
[2.3, -3.3, -4, 1]]
)
2024-10-27 06:17:00 [LIGHT-MODEL] mat4(
[[0.2, 0, 0, 0], 
[0, 0.2, 0, 0], 
[0, 0, 0.2, 0], 
[-4, 2, -12, 1]]
)
2024-10-27 06:17:00 [LIGHT-MODEL] mat4(
[[0.2, 0, 0, 0], 
[0, 0.2, 0, 0], 
[0, 0, 0.2, 0], 
[0, 0, -3, 1]]
)
2024-10-27 06:17:00 [LIGHT-MODEL] mat4(
[[0.2, 0, 0, 0], 
[0, 0.2, 0, 0], 
[0, 0, 0.2, 0], 
[0.7, 0.2, 2, 1]]
)
2024-10-27 06:17:00 [LIGHT-MODEL] mat4(
[[0.2, 0, 0, 0], 
[0, 0.2, 0, 0], 
[0, 0, 0.2, 0], 
[2.3, -3.3, -4, 1]]
)
2024-10-27 06:17:00 [LIGHT-MODEL] mat4(
[[0.2, 0, 0, 0], 
[0, 0.2, 0, 0], 
[0, 0, 0.2, 0], 
[-4, 2, -12, 1]]
)
2024-10-27 06:17:00 [LIGHT-MODEL] mat4(
[[0.2, 0, 0, 0], 
[0, 0.2, 0, 0], 
[0, 0, 0.2, 0], 
[0, 0, -3, 1]]
)
2024-10-27 06:17:00 [LIGHT-MODEL] mat4(
[[0.2, 0, 0, 0], 
[0, 0.2, 0, 0], 
[0, 0, 0.2, 0], 
[0.7, 0.2, 2, 1]]
)
2024-10-27 06:17:00 [LIGHT-MODEL] mat4(
[[0.2, 0, 0, 0], 
[0, 0.2, 0, 0], 
[0, 0, 0.2, 0], 
[2.3, -3.3, -4, 1]]
)
2024-10-27 06:17:00 [LIGHT-MODEL] mat4(
[[0.2, 0, 0, 0], 
[0, 0.2, 0, 0], 
[0, 0, 0.2, 0], 
[-4, 2, -12, 1]]
)
2024-10-27 06:17:00 [LIGHT-MODEL] mat4(
[[0.2, 0, 0, 0], 
[0, 0.2, 0, 0], 
[0, 0, 0.2, 0], 
[0, 0, -3, 1]]
)
2024-10-27 06:17:00 [LIGHT-MODEL] mat4(
[[0.2, 0, 0, 0], 
[0, 0.2, 0, 0], 
[0, 0, 0.2, 0], 
[0.7, 0.2, 2, 1]]
)
2024-10-27 06:17:00 [LIGHT-MODEL] mat4(
[[0.2, 0, 0, 0], 
[0, 0.2, 0, 0], 
[0, 0, 0.2, 0], 
[2.3, -3.3, -4, 1]]
)
2024-10-27 06:17:00 [LIGHT-MODEL] mat4(
[[0.2, 0, 0, 0], 
[0, 0.2, 0, 0], 
[0, 0, 0.2, 0], 
[-4, 2, -12, 1]]
)
2024-10-27 06:17:00 [LIGHT-MODEL] mat4(
[[0.2, 0, 0, 0], 
[0, 0.2, 0, 0], 
[0, 0, 0.2, 0], 
[0, 0, -3, 1]]
)
2024-10-27 06:17:00 [LIGHT-MODEL] mat4(
[[0.2, 0, 0, 0], 
[0, 0.2, 0, 0], 
[0, 0, 0.2, 0], 
[0.7, 0.2, 2, 1]]
)
2024-10-27 06:17:00 [LIGHT-MODEL] mat4(
[[0.2, 0, 0, 0], 
[0, 0.2, 0, 0], 
[0, 0, 0.2, 0], 
[2.3, -3.3, -4, 1]]
)
2024-10-27 06:17:00 [LIGHT-MODEL] mat4(
[[0.2, 0, 0, 0], 
[0, 0.2, 0, 0], 
[0, 0, 0.2, 0], 
[-4, 2, -12, 1]]
)
2024-10-27 06:17:00 [LIGHT-MODEL] mat4(
[[0.2, 0, 0, 0], 
[0, 0.2, 0, 0], 
[0, 0, 0.2, 0], 
[0, 0, -3, 1]]
)
2024-10-27 06:17:00 [LIGHT-MODEL] mat4(
[[0.2, 0, 0, 0], 
[0, 0.2, 0, 0], 
[0, 0, 0.2, 0], 
[0.7, 0.2, 2, 1]]
)
2024-10-27 06:17:00 [LIGHT-MODEL] mat4(
[[0.2, 0, 0, 0], 
[0, 0.2, 0, 0], 
[0, 0, 0.2, 0], 
[2.3, -3.3, -4, 1]]
)
2024-10-27 06:17:00 [LIGHT-MODEL] mat4(
[[0.2, 0, 0, 0], 
[0, 0.2, 0, 0], 
[0, 0, 0.2, 0], 
[-4, 2, -12, 1]]
)
2024-10-27 06:17:00 [LIGHT-MODEL] mat4(
[[0.2, 0, 0, 0], 
[0, 0.2, 0, 0], 
[0, 0, 0.2, 0], 
[0, 0, -3, 1]]
)
2024-10-27 06:17:00 [LIGHT-MODEL] mat4(
[[0.2, 0, 0, 0], 
[0, 0.2, 0, 0], 
[0, 0, 0.2, 0], 
[0.7, 0.2, 2, 1]]
)
2024-10-27 06:17:00 [LIGHT-MODEL] mat4(
[[0.2, 0, 0, 0], 
[0, 0.2, 0, 0], 
[0, 0, 0.2, 0], 
[2.3, -3.3, -4, 1]]
)
2024-10-27 06:17:00 [LIGHT-MODEL] mat4(
[[0.2, 0, 0, 0], 
[0, 0.2, 0, 0], 
[0, 0, 0.2, 0], 
[-4, 2, -12, 1]]
)
2024-10-27 06:17:00 [LIGHT-MODEL] mat4(
[[0.2, 0, 0, 0], 
[0, 0.2, 0, 0], 
[0, 0, 0.2, 0], 
[0, 0, -3, 1]]
)
2024-10-27 06:17:00 [LIGHT-MODEL] mat4(
[[0.2, 0, 0, 0], 
[0, 0.2, 0, 0], 
[0, 0, 0.2, 0], 
[0.7, 0.2, 2, 1]]
)
2024-10-27 06:17:00 [LIGHT-MODEL] mat4(
[[0.2, 0, 0, 0], 
[0, 0.2, 0, 0], 
[0, 0, 0.2, 0], 
[2.3, -3.3, -4, 1]]
)
2024-10-27 06:17:00 [LIGHT-MODEL] mat4(
[[0.2, 0, 0, 0], 
[0, 0.2, 0, 0], 
[0, 0, 0.2, 0], 
[-4, 2, -12, 1]]
)
2024-10-27 06:17:00 [LIGHT-MODEL] mat4(
[[0.2, 0, 0, 0], 
[0, 0.2, 0, 0], 
[0, 0, 0.2, 0], 
[0, 0, -3, 1]]
)
2024-10-27 06:17:00 [LIGHT-MODEL] mat4(
[[0.2, 0, 0, 0], 
[0, 0.2, 0, 0], 
[0, 0, 0.2, 0], 
[0.7, 0.2, 2, 1]]
)
2024-10-27 06:17:00 [LIGHT-MODEL] mat4(
[[0.2, 0, 0, 0], 
[0, 0.2, 0, 0], 
[0, 0, 0.2, 0], 
[2.3, -3.3, -4, 1]]
)
2024-10-27 06:17:00 [LIGHT-MODEL] mat4(
[[0.2, 0, 0, 0], 
[0, 0.2, 0, 0], 
[0, 0, 0.2, 0], 
[-4, 2, -12, 1]]
)
2024-10-27 06:17:00 [LIGHT-MODEL] mat4(
[[0.2, 0, 0, 0], 
[0, 0.2, 0, 0], 
[0, 0, 0.2, 0], 
[0, 0, -3, 1]]
)
2024-10-27 06:17:00 [LIGHT-MODEL] mat4(
[[0.2, 0, 0, 0], 
[0, 0.2, 0, 0], 
[0, 0, 0.2, 0], 
[0.7, 0.2, 2, 1]]
)
2024-10-27 06:17:00 [LIGHT-MODEL] mat4(
[[0.2, 0, 0, 0], 
[0, 0.2, 0, 0], 
[0, 0, 0.2, 0], 
[2.3, -3.3, -4, 1]]
)
2024-10-27 06:17:00 [LIGHT-MODEL] mat4(
[[0.2, 0, 0, 0], 
[0, 0.2, 0, 0], 
[0, 0, 0.2, 0], 
[-4, 2, -12, 1]]
)
2024-10-27 06:17:00 [LIGHT-MODEL] mat4(
[[0.2, 0, 0, 0], 
[0, 0.2, 0, 0], 
[0, 0, 0.2, 0], 
[0, 0, -3, 1]]
)
2024-10-27 06:17:00 [LIGHT-MODEL] mat4(
[[0.2, 0, 0, 0], 
[0, 0.2, 0, 0], 
[0, 0, 0.2, 0], 
[0.7, 0.2, 2, 1]]
)
2024-10-27 06:17:00 [LIGHT-MODEL] mat4(
[[0.2, 0, 0, 0], 
[0, 0.2, 0, 0], 
[0, 0, 0.2, 0], 
[2.3, -3.3, -4, 1]]
)
2024-10-27 06:17:00 [LIGHT-MODEL] mat4(
[[0.2, 0, 0, 0], 
[0, 0.2, 0, 0], 
[0, 0, 0.2, 0], 
[-4, 2, -12, 1]]
)
2024-10-27 06:17:00 [LIGHT-MODEL] mat4(
[[0.2, 0, 0, 0], 
[0, 0.2, 0, 0], 
[0, 0, 0.2, 0], 
[0, 0, -3, 1]]
)
2024-10-27 06:17:01 [LIGHT-MODEL] mat4(
[[0.2, 0, 0, 0], 
[0, 0.2, 0, 0], 
[0, 0, 0.2, 0], 
[0.7, 0.2, 2, 1]]
)
2024-10-27 06:17:01 [LIGHT-MODEL] mat4(
[[0.2, 0, 0, 0], 
[0, 0.2, 0, 0], 
[0, 0, 0.2, 0], 
[2.3, -3.3, -4, 1]]
)
2024-10-27 06:17:01 [LIGHT-MODEL] mat4(
[[0.2, 0, 0, 0], 
[0, 0.2, 0, 0], 
[0, 0, 0.2, 0], 
[-4, 2, -12, 1]]
)
2024-10-27 06:17:01 [LIGHT-MODEL] mat4(
[[0.2, 0, 0, 0], 
[0, 0.2, 0, 0], 
[0, 0, 0.2, 0], 
[0, 0, -3, 1]]
)
2024-10-27 06:17:01 [LIGHT-MODEL] mat4(
[[0.2, 0, 0, 0], 
[0, 0.2, 0, 0], 
[0, 0, 0.2, 0], 
[0.7, 0.2, 2, 1]]
)
2024-10-27 06:17:01 [LIGHT-MODEL] mat4(
[[0.2, 0, 0, 0], 
[0, 0.2, 0, 0], 
[0, 0, 0.2, 0], 
[2.3, -3.3, -4, 1]]
)
2024-10-27 06:17:01 [LIGHT-MODEL] mat4(
[[0.2, 0, 0, 0], 
[0, 0.2, 0, 0], 
[0, 0, 0.2, 0], 
[-4, 2, -12, 1]]
)
2024-10-27 06:17:01 [LIGHT-MODEL] mat4(
[[0.2, 0, 0, 0], 
[0, 0.2, 0, 0], 
[0, 0, 0.2, 0], 
[0, 0, -3, 1]]
)
2024-10-27 06:17:01 [LIGHT-MODEL] mat4(
[[0.2, 0, 0, 0], 
[0, 0.2, 0, 0], 
[0, 0, 0.2, 0], 
[0.7, 0.2, 2, 1]]
)
2024-10-27 06:17:01 [LIGHT-MODEL] mat4(
[[0.2, 0, 0, 0], 
[0, 0.2, 0, 0], 
[0, 0, 0.2, 0], 
[2.3, -3.3, -4, 1]]
)
2024-10-27 06:17:01 [LIGHT-MODEL] mat4(
[[0.2, 0, 0, 0], 
[0, 0.2, 0, 0], 
[0, 0, 0.2, 0], 
[-4, 2, -12, 1]]
)
2024-10-27 06:17:01 [LIGHT-MODEL] mat4(
[[0.2, 0, 0, 0], 
[0, 0.2, 0, 0], 
[0, 0, 0.2, 0], 
[0, 0, -3, 1]]
)
2024-10-27 06:17:01 [LIGHT-MODEL] mat4(
[[0.2, 0, 0, 0], 
[0, 0.2, 0, 0], 
[0, 0, 0.2, 0], 
[0.7, 0.2, 2, 1]]
)
2024-10-27 06:17:01 [LIGHT-MODEL] mat4(
[[0.2, 0, 0, 0], 
[0, 0.2, 0, 0], 
[0, 0, 0.2, 0], 
[2.3, -3.3, -4, 1]]
)
2024-10-27 06:17:01 [LIGHT-MODEL] mat4(
[[0.2, 0, 0, 0], 
[0, 0.2, 0, 0], 
[0, 0, 0.2, 0], 
[-4, 2, -12, 1]]
)
2024-10-27 06:17:01 [LIGHT-MODEL] mat4(
[[0.2, 0, 0, 0], 
[0, 0.2, 0, 0], 
[0, 0, 0.2, 0], 
[0, 0, -3, 1]]
)
2024-10-27 06:17:01 [LIGHT-MODEL] mat4(
[[0.2, 0, 0, 0], 
[0, 0.2, 0, 0], 
[0, 0, 0.2, 0], 
[0.7, 0.2, 2, 1]]
)
2024-10-27 06:17:01 [LIGHT-MODEL] mat4(
[[0.2, 0, 0, 0], 
[0, 0.2, 0, 0], 
[0, 0, 0.2, 0], 
[2.3, -3.3, -4, 1]]
)
2024-10-27 06:17:01 [LIGHT-MODEL] mat4(
[[0.2, 0, 0, 0], 
[0, 0.2, 0, 0], 
[0, 0, 0.2, 0], 
[-4, 2, -12, 1]]
)
2024-10-27 06:17:01 [LIGHT-MODEL] mat4(
[[0.2, 0, 0, 0], 
[0, 0.2, 0, 0], 
[0, 0, 0.2, 0], 
[0, 0, -3, 1]]
)
2024-10-27 06:17:01 [LIGHT-MODEL] mat4(
[[0.2, 0, 0, 0], 
[0, 0.2, 0, 0], 
[0, 0, 0.2, 0], 
[0.7, 0.2, 2, 1]]
)
2024-10-27 06:17:01 [LIGHT-MODEL] mat4(
[[0.2, 0, 0, 0], 
[0, 0.2, 0, 0], 
[0, 0, 0.2, 0], 
[2.3, -3.3, -4, 1]]
)
2024-10-27 06:17:01 [LIGHT-MODEL] mat4(
[[0.2, 0, 0, 0], 
[0, 0.2, 0, 0], 
[0, 0, 0.2, 0], 
[-4, 2, -12, 1]]
)
2024-10-27 06:17:01 [LIGHT-MODEL] mat4(
[[0.2, 0, 0, 0], 
[0, 0.2, 0, 0], 
[0, 0, 0.2, 0], 
[0, 0, -3, 1]]
)
2024-10-27 06:17:01 [LIGHT-MODEL] mat4(
[[0.2, 0, 0, 0], 
[0, 0.2, 0, 0], 
[0, 0, 0.2, 0], 
[0.7, 0.2, 2, 1]]
)
2024-10-27 06:17:01 [LIGHT-MODEL] mat4(
[[0.2, 0, 0, 0], 
[0, 0.2, 0, 0], 
[0, 0, 0.2, 0], 
[2.3, -3.3, -4, 1]]
)
2024-10-27 06:17:01 [LIGHT-MODEL] mat4(
[[0.2, 0, 0, 0], 
[0, 0.2, 0, 0], 
[0, 0, 0.2, 0], 
[-4, 2, -12, 1]]
)
2024-10-27 06:17:01 [LIGHT-MODEL] mat4(
[[0.2, 0, 0, 0], 
[0, 0.2, 0, 0], 
[0, 0, 0.2, 0], 
[0, 0, -3, 1]]
)
